<?xml version="1.0" encoding="UTF-8"?>
<!-- Generated by org.testng.reporters.JUnitReportReporter -->
<testsuite hostname="DESKTOP-IMBM639" failures="0" tests="4" name="api_test.UserTests" time="11.548" errors="0" timestamp="2025-07-18T01:05:09 PKT" skipped="0">
  <testcase classname="api_test.UserTests" name="testPostUser" time="3.986"/>
  <testcase classname="api_test.UserTests" name="testGetUserByName" time="4.126"/>
  <testcase classname="api_test.UserTests" name="testUpdateUserByName" time="2.292"/>
  <testcase classname="api_test.UserTests" name="deleteUserByName" time="1.144"/>
</testsuite> <!-- api_test.UserTests -->
