<?xml version="1.0" encoding="UTF-8"?>
<!-- Generated by org.testng.reporters.JUnitReportReporter -->
<testsuite hostname="DESKTOP-IMBM639" failures="0" tests="6" name="api_test.DataDrivenTests" time="10.136" errors="0" timestamp="2025-07-18T00:13:22 PKT" skipped="0">
  <testcase classname="api_test.DataDrivenTests" name="testPostUser" time="1.103"/>
  <testcase classname="api_test.DataDrivenTests" name="testPostUser" time="1.185"/>
  <testcase classname="api_test.DataDrivenTests" name="testPostUser" time="4.551"/>
  <testcase classname="api_test.DataDrivenTests" name="testDeleteUserByName" time="1.108"/>
  <testcase classname="api_test.DataDrivenTests" name="testDeleteUserByName" time="1.066"/>
  <testcase classname="api_test.DataDrivenTests" name="testDeleteUserByName" time="1.123"/>
</testsuite> <!-- api_test.DataDrivenTests -->
