<?xml version="1.0" encoding="UTF-8"?>
<!-- Generated by org.testng.reporters.JUnitReportReporter -->
<testsuite hostname="DESKTOP-IMBM639" failures="0" tests="4" name="api_test.UserTests2" time="11.402" errors="0" timestamp="2025-07-20T13:38:28 PKT" skipped="0">
  <testcase classname="api_test.UserTests2" name="testPostUser" time="3.884"/>
  <testcase classname="api_test.UserTests2" name="testGetUserByName" time="4.124"/>
  <testcase classname="api_test.UserTests2" name="testUpdateUserByName" time="2.190"/>
  <testcase classname="api_test.UserTests2" name="deleteUserByName" time="1.204"/>
</testsuite> <!-- api_test.UserTests2 -->
