<?xml version="1.0" encoding="UTF-8"?>
<!-- Generated by org.testng.reporters.JUnitReportReporter -->
<testsuite hostname="DESKTOP-IMBM639" failures="0" tests="4" name="api_test.UserTests2" time="17.394" errors="0" timestamp="2025-07-20T16:47:54 PKT" skipped="0">
  <testcase classname="api_test.UserTests2" name="testPostUser" time="5.361"/>
  <testcase classname="api_test.UserTests2" name="testGetUserByName" time="7.379"/>
  <testcase classname="api_test.UserTests2" name="testUpdateUserByName" time="2.169"/>
  <testcase classname="api_test.UserTests2" name="deleteUserByName" time="2.485"/>
</testsuite> <!-- api_test.UserTests2 -->
